# JRE version: OpenJDK Runtime Environment Corretto-17.0.11.9.1 (17.0.11+9) (build 17.0.11+9-LTS)
# Java VM: OpenJDK 64-Bit Server VM Corretto-17.0.11.9.1 (17.0.11+9-LTS, mixed mode, emulated-client, sharing, tiered, compressed oops, compressed class ptrs, g1 gc, windows-amd64)
GC Precious Log:
 CPUs: 4 total, 4 available
 Memory: 3520M
 Large Page Support: Disabled
 NUMA Support: Disabled
 Compressed Oops: Enabled (32-bit)
 Heap Region Size: 1M
 Heap Min Capacity: 8M
 Heap Initial Capacity: 56M
 Heap Max Capacity: 882M
 Pre-touch: Disabled
 Parallel Workers: 4
 Concurrent Workers: 1
 Concurrent Refinement Workers: 4
 Periodic GC: Disabled
Heap:
 garbage-first heap   total 63488K, used 39809K [0x00000000c8e00000, 0x0000000100000000)
  region size 1024K, 12 young (12288K), 3 survivors (3072K)
 Metaspace       used 67370K, committed 67968K, reserved 1114112K
  class space    used 10009K, committed 10304K, reserved 1048576K
GC Heap History (20 events):
Event: 36.481 GC heap before
{Heap before GC invocations=26 (full 0):
 garbage-first heap   total 63488K, used 48773K [0x00000000c8e00000, 0x0000000100000000)
  region size 1024K, 19 young (19456K), 3 survivors (3072K)
 Metaspace       used 65672K, committed 66304K, reserved 1114112K
  class space    used 9813K, committed 10112K, reserved 1048576K
}
Event: 36.536 GC heap after
{Heap after GC invocations=27 (full 0):
 garbage-first heap   total 63488K, used 34815K [0x00000000c8e00000, 0x0000000100000000)
  region size 1024K, 2 young (2048K), 2 survivors (2048K)
 Metaspace       used 65672K, committed 66304K, reserved 1114112K
  class space    used 9813K, committed 10112K, reserved 1048576K
}
Event: 110.700 GC heap before
{Heap before GC invocations=27 (full 0):
 garbage-first heap   total 63488K, used 48127K [0x00000000c8e00000, 0x0000000100000000)
  region size 1024K, 16 young (16384K), 2 survivors (2048K)
 Metaspace       used 67186K, committed 67776K, reserved 1114112K
  class space    used 10006K, committed 10304K, reserved 1048576K
}
Event: 110.759 GC heap after
{Heap after GC invocations=28 (full 0):
 garbage-first heap   total 63488K, used 35088K [0x00000000c8e00000, 0x0000000100000000)
  region size 1024K, 1 young (1024K), 1 survivors (1024K)
 Metaspace       used 67186K, committed 67776K, reserved 1114112K
  class space    used 10006K, committed 10304K, reserved 1048576K
}
Event: 242.427 GC heap before
{Heap before GC invocations=29 (full 0):
 garbage-first heap   total 63488K, used 50448K [0x00000000c8e00000, 0x0000000100000000)
  region size 1024K, 16 young (16384K), 1 survivors (1024K)
 Metaspace       used 66869K, committed 67776K, reserved 1114112K
  class space    used 9935K, committed 10304K, reserved 1048576K
}
Event: 242.484 GC heap after
{Heap after GC invocations=30 (full 0):
 garbage-first heap   total 63488K, used 34977K [0x00000000c8e00000, 0x0000000100000000)
  region size 1024K, 1 young (1024K), 1 survivors (1024K)
 Metaspace       used 66869K, committed 67776K, reserved 1114112K
  class space    used 9935K, committed 10304K, reserved 1048576K
}
Event: 260.339 GC heap before
{Heap before GC invocations=30 (full 0):
 garbage-first heap   total 63488K, used 37025K [0x00000000c8e00000, 0x0000000100000000)
  region size 1024K, 3 young (3072K), 1 survivors (1024K)
 Metaspace       used 66869K, committed 67776K, reserved 1114112K
  class space    used 9935K, committed 10304K, reserved 1048576K
}
Event: 260.455 GC heap after
{Heap after GC invocations=31 (full 0):
 garbage-first heap   total 63488K, used 31891K [0x00000000c8e00000, 0x0000000100000000)
  region size 1024K, 1 young (1024K), 1 survivors (1024K)
 Metaspace       used 66869K, committed 67776K, reserved 1114112K
  class space    used 9935K, committed 10304K, reserved 1048576K
}
Event: 278.298 GC heap before
{Heap before GC invocations=31 (full 0):
 garbage-first heap   total 63488K, used 33939K [0x00000000c8e00000, 0x0000000100000000)
  region size 1024K, 3 young (3072K), 1 survivors (1024K)
 Metaspace       used 66869K, committed 67776K, reserved 1114112K
  class space    used 9935K, committed 10304K, reserved 1048576K
}
Event: 278.312 GC heap after
{Heap after GC invocations=32 (full 0):
 garbage-first heap   total 63488K, used 31374K [0x00000000c8e00000, 0x0000000100000000)
  region size 1024K, 1 young (1024K), 1 survivors (1024K)
 Metaspace       used 66869K, committed 67776K, reserved 1114112K
  class space    used 9935K, committed 10304K, reserved 1048576K
}
Event: 436.016 GC heap before
{Heap before GC invocations=32 (full 0):
 garbage-first heap   total 63488K, used 50830K [0x00000000c8e00000, 0x0000000100000000)
  region size 1024K, 20 young (20480K), 1 survivors (1024K)
 Metaspace       used 67097K, committed 67840K, reserved 1114112K
  class space    used 9986K, committed 10304K, reserved 1048576K
}
Event: 436.059 GC heap after
{Heap after GC invocations=33 (full 0):
 garbage-first heap   total 63488K, used 31568K [0x00000000c8e00000, 0x0000000100000000)
  region size 1024K, 1 young (1024K), 1 survivors (1024K)
 Metaspace       used 67097K, committed 67840K, reserved 1114112K
  class space    used 9986K, committed 10304K, reserved 1048576K
}
Event: 436.067 GC heap before
{Heap before GC invocations=33 (full 0):
 garbage-first heap   total 63488K, used 31568K [0x00000000c8e00000, 0x0000000100000000)
  region size 1024K, 2 young (2048K), 1 survivors (1024K)
 Metaspace       used 67097K, committed 67840K, reserved 1114112K
  class space    used 9986K, committed 10304K, reserved 1048576K
}
Event: 436.809 GC heap after
{Heap after GC invocations=34 (full 1):
 garbage-first heap   total 63488K, used 23620K [0x00000000c8e00000, 0x0000000100000000)
  region size 1024K, 0 young (0K), 0 survivors (0K)
 Metaspace       used 66977K, committed 67840K, reserved 1114112K
  class space    used 9962K, committed 10304K, reserved 1048576K
}
Event: 439.606 GC heap before
{Heap before GC invocations=34 (full 1):
 garbage-first heap   total 63488K, used 49220K [0x00000000c8e00000, 0x0000000100000000)
  region size 1024K, 25 young (25600K), 0 survivors (0K)
 Metaspace       used 67046K, committed 67840K, reserved 1114112K
  class space    used 9973K, committed 10304K, reserved 1048576K
}
Event: 439.614 GC heap after
{Heap after GC invocations=35 (full 1):
 garbage-first heap   total 63488K, used 26040K [0x00000000c8e00000, 0x0000000100000000)
  region size 1024K, 3 young (3072K), 3 survivors (3072K)
 Metaspace       used 67046K, committed 67840K, reserved 1114112K
  class space    used 9973K, committed 10304K, reserved 1048576K
}
Event: 452.397 GC heap before
{Heap before GC invocations=35 (full 1):
 garbage-first heap   total 63488K, used 47544K [0x00000000c8e00000, 0x0000000100000000)
  region size 1024K, 25 young (25600K), 3 survivors (3072K)
 Metaspace       used 67164K, committed 67840K, reserved 1114112K
  class space    used 9993K, committed 10304K, reserved 1048576K
}
Event: 452.427 GC heap after
{Heap after GC invocations=36 (full 1):
 garbage-first heap   total 63488K, used 28811K [0x00000000c8e00000, 0x0000000100000000)
  region size 1024K, 3 young (3072K), 3 survivors (3072K)
 Metaspace       used 67164K, committed 67840K, reserved 1114112K
  class space    used 9993K, committed 10304K, reserved 1048576K
}
Event: 454.530 GC heap before
{Heap before GC invocations=36 (full 1):
 garbage-first heap   total 63488K, used 48267K [0x00000000c8e00000, 0x0000000100000000)
  region size 1024K, 22 young (22528K), 3 survivors (3072K)
 Metaspace       used 67359K, committed 67968K, reserved 1114112K
  class space    used 10007K, committed 10304K, reserved 1048576K
}
Event: 454.545 GC heap after
{Heap after GC invocations=37 (full 1):
 garbage-first heap   total 63488K, used 31617K [0x00000000c8e00000, 0x0000000100000000)
  region size 1024K, 3 young (3072K), 3 survivors (3072K)
 Metaspace       used 67359K, committed 67968K, reserved 1114112K
  class space    used 10007K, committed 10304K, reserved 1048576K
}

